<?xml version="1.0" encoding="UTF-8"?>
<testsuite xmlns:xsi="http://www.w3.org/2001/XMLSchema-instance" xsi:noNamespaceSchemaLocation="https://maven.apache.org/surefire/maven-surefire-plugin/xsd/surefire-test-report.xsd" name="pl.pbak.demo.test.TestAppApplicationTests" time="1.746" tests="1" errors="0" skipped="0" failures="0">
  <properties>
    <property name="java.specification.version" value="23"/>
    <property name="sun.jnu.encoding" value="UTF-8"/>
    <property name="java.class.path" value="/Users/Zofia/test-app/target/test-classes:/Users/Zofia/test-app/target/classes:/Users/Zofia/.m2/repository/org/springframework/boot/spring-boot-starter-actuator/2.6.4/spring-boot-starter-actuator-2.6.4.jar:/Users/Zofia/.m2/repository/org/springframework/boot/spring-boot-starter/2.6.4/spring-boot-starter-2.6.4.jar:/Users/Zofia/.m2/repository/org/springframework/boot/spring-boot/2.6.4/spring-boot-2.6.4.jar:/Users/Zofia/.m2/repository/org/springframework/boot/spring-boot-autoconfigure/2.6.4/spring-boot-autoconfigure-2.6.4.jar:/Users/Zofia/.m2/repository/org/springframework/boot/spring-boot-starter-logging/2.6.4/spring-boot-starter-logging-2.6.4.jar:/Users/Zofia/.m2/repository/ch/qos/logback/logback-classic/1.2.10/logback-classic-1.2.10.jar:/Users/Zofia/.m2/repository/ch/qos/logback/logback-core/1.2.10/logback-core-1.2.10.jar:/Users/Zofia/.m2/repository/org/apache/logging/log4j/log4j-to-slf4j/2.17.1/log4j-to-slf4j-2.17.1.jar:/Users/Zofia/.m2/repository/org/apache/logging/log4j/log4j-api/2.17.1/log4j-api-2.17.1.jar:/Users/Zofia/.m2/repository/org/slf4j/jul-to-slf4j/1.7.36/jul-to-slf4j-1.7.36.jar:/Users/Zofia/.m2/repository/jakarta/annotation/jakarta.annotation-api/1.3.5/jakarta.annotation-api-1.3.5.jar:/Users/Zofia/.m2/repository/org/yaml/snakeyaml/1.29/snakeyaml-1.29.jar:/Users/Zofia/.m2/repository/org/springframework/boot/spring-boot-actuator-autoconfigure/2.6.4/spring-boot-actuator-autoconfigure-2.6.4.jar:/Users/Zofia/.m2/repository/org/springframework/boot/spring-boot-actuator/2.6.4/spring-boot-actuator-2.6.4.jar:/Users/Zofia/.m2/repository/com/fasterxml/jackson/datatype/jackson-datatype-jsr310/2.13.1/jackson-datatype-jsr310-2.13.1.jar:/Users/Zofia/.m2/repository/io/micrometer/micrometer-core/1.8.3/micrometer-core-1.8.3.jar:/Users/Zofia/.m2/repository/org/hdrhistogram/HdrHistogram/2.1.12/HdrHistogram-2.1.12.jar:/Users/Zofia/.m2/repository/org/latencyutils/LatencyUtils/2.0.3/LatencyUtils-2.0.3.jar:/Users/Zofia/.m2/repository/org/springframework/boot/spring-boot-starter-web/2.6.4/spring-boot-starter-web-2.6.4.jar:/Users/Zofia/.m2/repository/org/springframework/boot/spring-boot-starter-json/2.6.4/spring-boot-starter-json-2.6.4.jar:/Users/Zofia/.m2/repository/com/fasterxml/jackson/datatype/jackson-datatype-jdk8/2.13.1/jackson-datatype-jdk8-2.13.1.jar:/Users/Zofia/.m2/repository/com/fasterxml/jackson/module/jackson-module-parameter-names/2.13.1/jackson-module-parameter-names-2.13.1.jar:/Users/Zofia/.m2/repository/org/springframework/boot/spring-boot-starter-tomcat/2.6.4/spring-boot-starter-tomcat-2.6.4.jar:/Users/Zofia/.m2/repository/org/apache/tomcat/embed/tomcat-embed-core/9.0.58/tomcat-embed-core-9.0.58.jar:/Users/Zofia/.m2/repository/org/apache/tomcat/embed/tomcat-embed-el/9.0.58/tomcat-embed-el-9.0.58.jar:/Users/Zofia/.m2/repository/org/apache/tomcat/embed/tomcat-embed-websocket/9.0.58/tomcat-embed-websocket-9.0.58.jar:/Users/Zofia/.m2/repository/org/springframework/spring-web/5.3.16/spring-web-5.3.16.jar:/Users/Zofia/.m2/repository/org/springframework/spring-beans/5.3.16/spring-beans-5.3.16.jar:/Users/Zofia/.m2/repository/org/springframework/spring-webmvc/5.3.16/spring-webmvc-5.3.16.jar:/Users/Zofia/.m2/repository/org/springframework/spring-aop/5.3.16/spring-aop-5.3.16.jar:/Users/Zofia/.m2/repository/org/springframework/spring-context/5.3.16/spring-context-5.3.16.jar:/Users/Zofia/.m2/repository/org/springframework/spring-expression/5.3.16/spring-expression-5.3.16.jar:/Users/Zofia/.m2/repository/com/fasterxml/jackson/module/jackson-module-kotlin/2.13.1/jackson-module-kotlin-2.13.1.jar:/Users/Zofia/.m2/repository/com/fasterxml/jackson/core/jackson-databind/2.13.1/jackson-databind-2.13.1.jar:/Users/Zofia/.m2/repository/com/fasterxml/jackson/core/jackson-core/2.13.1/jackson-core-2.13.1.jar:/Users/Zofia/.m2/repository/com/fasterxml/jackson/core/jackson-annotations/2.13.1/jackson-annotations-2.13.1.jar:/Users/Zofia/.m2/repository/org/jetbrains/kotlin/kotlin-reflect/1.6.10/kotlin-reflect-1.6.10.jar:/Users/Zofia/.m2/repository/org/jetbrains/kotlin/kotlin-stdlib/1.6.10/kotlin-stdlib-1.6.10.jar:/Users/Zofia/.m2/repository/org/jetbrains/annotations/13.0/annotations-13.0.jar:/Users/Zofia/.m2/repository/org/jetbrains/kotlin/kotlin-stdlib-common/1.6.10/kotlin-stdlib-common-1.6.10.jar:/Users/Zofia/.m2/repository/org/jetbrains/kotlin/kotlin-stdlib-jdk8/1.6.10/kotlin-stdlib-jdk8-1.6.10.jar:/Users/Zofia/.m2/repository/org/jetbrains/kotlin/kotlin-stdlib-jdk7/1.6.10/kotlin-stdlib-jdk7-1.6.10.jar:/Users/Zofia/.m2/repository/org/projectlombok/lombok/1.18.22/lombok-1.18.22.jar:/Users/Zofia/.m2/repository/org/springframework/boot/spring-boot-starter-test/2.6.4/spring-boot-starter-test-2.6.4.jar:/Users/Zofia/.m2/repository/org/springframework/boot/spring-boot-test/2.6.4/spring-boot-test-2.6.4.jar:/Users/Zofia/.m2/repository/org/springframework/boot/spring-boot-test-autoconfigure/2.6.4/spring-boot-test-autoconfigure-2.6.4.jar:/Users/Zofia/.m2/repository/com/jayway/jsonpath/json-path/2.6.0/json-path-2.6.0.jar:/Users/Zofia/.m2/repository/net/minidev/json-smart/2.4.8/json-smart-2.4.8.jar:/Users/Zofia/.m2/repository/net/minidev/accessors-smart/2.4.8/accessors-smart-2.4.8.jar:/Users/Zofia/.m2/repository/org/ow2/asm/asm/9.1/asm-9.1.jar:/Users/Zofia/.m2/repository/org/slf4j/slf4j-api/1.7.36/slf4j-api-1.7.36.jar:/Users/Zofia/.m2/repository/jakarta/xml/bind/jakarta.xml.bind-api/2.3.3/jakarta.xml.bind-api-2.3.3.jar:/Users/Zofia/.m2/repository/jakarta/activation/jakarta.activation-api/1.2.2/jakarta.activation-api-1.2.2.jar:/Users/Zofia/.m2/repository/org/assertj/assertj-core/3.21.0/assertj-core-3.21.0.jar:/Users/Zofia/.m2/repository/org/hamcrest/hamcrest/2.2/hamcrest-2.2.jar:/Users/Zofia/.m2/repository/org/junit/jupiter/junit-jupiter/5.8.2/junit-jupiter-5.8.2.jar:/Users/Zofia/.m2/repository/org/junit/jupiter/junit-jupiter-api/5.8.2/junit-jupiter-api-5.8.2.jar:/Users/Zofia/.m2/repository/org/opentest4j/opentest4j/1.2.0/opentest4j-1.2.0.jar:/Users/Zofia/.m2/repository/org/junit/platform/junit-platform-commons/1.8.2/junit-platform-commons-1.8.2.jar:/Users/Zofia/.m2/repository/org/apiguardian/apiguardian-api/1.1.2/apiguardian-api-1.1.2.jar:/Users/Zofia/.m2/repository/org/junit/jupiter/junit-jupiter-params/5.8.2/junit-jupiter-params-5.8.2.jar:/Users/Zofia/.m2/repository/org/junit/jupiter/junit-jupiter-engine/5.8.2/junit-jupiter-engine-5.8.2.jar:/Users/Zofia/.m2/repository/org/junit/platform/junit-platform-engine/1.8.2/junit-platform-engine-1.8.2.jar:/Users/Zofia/.m2/repository/org/mockito/mockito-core/4.0.0/mockito-core-4.0.0.jar:/Users/Zofia/.m2/repository/net/bytebuddy/byte-buddy/1.11.22/byte-buddy-1.11.22.jar:/Users/Zofia/.m2/repository/net/bytebuddy/byte-buddy-agent/1.11.22/byte-buddy-agent-1.11.22.jar:/Users/Zofia/.m2/repository/org/objenesis/objenesis/3.2/objenesis-3.2.jar:/Users/Zofia/.m2/repository/org/mockito/mockito-junit-jupiter/4.0.0/mockito-junit-jupiter-4.0.0.jar:/Users/Zofia/.m2/repository/org/skyscreamer/jsonassert/1.5.0/jsonassert-1.5.0.jar:/Users/Zofia/.m2/repository/com/vaadin/external/google/android-json/0.0.20131108.vaadin1/android-json-0.0.20131108.vaadin1.jar:/Users/Zofia/.m2/repository/org/springframework/spring-core/5.3.16/spring-core-5.3.16.jar:/Users/Zofia/.m2/repository/org/springframework/spring-jcl/5.3.16/spring-jcl-5.3.16.jar:/Users/Zofia/.m2/repository/org/springframework/spring-test/5.3.16/spring-test-5.3.16.jar:/Users/Zofia/.m2/repository/org/xmlunit/xmlunit-core/2.8.4/xmlunit-core-2.8.4.jar:/Users/Zofia/.m2/repository/org/springdoc/springdoc-openapi-ui/1.5.13/springdoc-openapi-ui-1.5.13.jar:/Users/Zofia/.m2/repository/org/springdoc/springdoc-openapi-webmvc-core/1.5.13/springdoc-openapi-webmvc-core-1.5.13.jar:/Users/Zofia/.m2/repository/org/springdoc/springdoc-openapi-common/1.5.13/springdoc-openapi-common-1.5.13.jar:/Users/Zofia/.m2/repository/io/swagger/core/v3/swagger-models/2.1.11/swagger-models-2.1.11.jar:/Users/Zofia/.m2/repository/io/swagger/core/v3/swagger-annotations/2.1.11/swagger-annotations-2.1.11.jar:/Users/Zofia/.m2/repository/io/swagger/core/v3/swagger-integration/2.1.11/swagger-integration-2.1.11.jar:/Users/Zofia/.m2/repository/io/swagger/core/v3/swagger-core/2.1.11/swagger-core-2.1.11.jar:/Users/Zofia/.m2/repository/com/fasterxml/jackson/dataformat/jackson-dataformat-yaml/2.13.1/jackson-dataformat-yaml-2.13.1.jar:/Users/Zofia/.m2/repository/jakarta/validation/jakarta.validation-api/2.0.2/jakarta.validation-api-2.0.2.jar:/Users/Zofia/.m2/repository/io/github/classgraph/classgraph/4.8.116/classgraph-4.8.116.jar:/Users/Zofia/.m2/repository/org/apache/commons/commons-lang3/3.12.0/commons-lang3-3.12.0.jar:/Users/Zofia/.m2/repository/org/webjars/swagger-ui/4.1.2/swagger-ui-4.1.2.jar:/Users/Zofia/.m2/repository/org/webjars/webjars-locator-core/0.48/webjars-locator-core-0.48.jar:/Users/Zofia/.m2/repository/net/logstash/logback/logstash-logback-encoder/6.6/logstash-logback-encoder-6.6.jar:"/>
    <property name="java.vm.vendor" value="Homebrew"/>
    <property name="sun.arch.data.model" value="64"/>
    <property name="java.vendor.url" value="https://github.com/Homebrew/homebrew-core/issues"/>
    <property name="os.name" value="Mac OS X"/>
    <property name="java.vm.specification.version" value="23"/>
    <property name="sun.java.launcher" value="SUN_STANDARD"/>
    <property name="user.country" value="PL"/>
    <property name="sun.boot.library.path" value="/opt/homebrew/Cellar/openjdk/23.0.1/libexec/openjdk.jdk/Contents/Home/lib"/>
    <property name="sun.java.command" value="/Users/Zofia/test-app/target/surefire/surefirebooter8219785268354568126.jar /Users/Zofia/test-app/target/surefire 2025-04-27T14-49-30_793-jvmRun1 surefire7579089692507411223tmp surefire_0583737179670803116tmp"/>
    <property name="http.nonProxyHosts" value="local|*.local|169.254/16|*.169.254/16"/>
    <property name="jdk.debug" value="release"/>
    <property name="surefire.test.class.path" value="/Users/Zofia/test-app/target/test-classes:/Users/Zofia/test-app/target/classes:/Users/Zofia/.m2/repository/org/springframework/boot/spring-boot-starter-actuator/2.6.4/spring-boot-starter-actuator-2.6.4.jar:/Users/Zofia/.m2/repository/org/springframework/boot/spring-boot-starter/2.6.4/spring-boot-starter-2.6.4.jar:/Users/Zofia/.m2/repository/org/springframework/boot/spring-boot/2.6.4/spring-boot-2.6.4.jar:/Users/Zofia/.m2/repository/org/springframework/boot/spring-boot-autoconfigure/2.6.4/spring-boot-autoconfigure-2.6.4.jar:/Users/Zofia/.m2/repository/org/springframework/boot/spring-boot-starter-logging/2.6.4/spring-boot-starter-logging-2.6.4.jar:/Users/Zofia/.m2/repository/ch/qos/logback/logback-classic/1.2.10/logback-classic-1.2.10.jar:/Users/Zofia/.m2/repository/ch/qos/logback/logback-core/1.2.10/logback-core-1.2.10.jar:/Users/Zofia/.m2/repository/org/apache/logging/log4j/log4j-to-slf4j/2.17.1/log4j-to-slf4j-2.17.1.jar:/Users/Zofia/.m2/repository/org/apache/logging/log4j/log4j-api/2.17.1/log4j-api-2.17.1.jar:/Users/Zofia/.m2/repository/org/slf4j/jul-to-slf4j/1.7.36/jul-to-slf4j-1.7.36.jar:/Users/Zofia/.m2/repository/jakarta/annotation/jakarta.annotation-api/1.3.5/jakarta.annotation-api-1.3.5.jar:/Users/Zofia/.m2/repository/org/yaml/snakeyaml/1.29/snakeyaml-1.29.jar:/Users/Zofia/.m2/repository/org/springframework/boot/spring-boot-actuator-autoconfigure/2.6.4/spring-boot-actuator-autoconfigure-2.6.4.jar:/Users/Zofia/.m2/repository/org/springframework/boot/spring-boot-actuator/2.6.4/spring-boot-actuator-2.6.4.jar:/Users/Zofia/.m2/repository/com/fasterxml/jackson/datatype/jackson-datatype-jsr310/2.13.1/jackson-datatype-jsr310-2.13.1.jar:/Users/Zofia/.m2/repository/io/micrometer/micrometer-core/1.8.3/micrometer-core-1.8.3.jar:/Users/Zofia/.m2/repository/org/hdrhistogram/HdrHistogram/2.1.12/HdrHistogram-2.1.12.jar:/Users/Zofia/.m2/repository/org/latencyutils/LatencyUtils/2.0.3/LatencyUtils-2.0.3.jar:/Users/Zofia/.m2/repository/org/springframework/boot/spring-boot-starter-web/2.6.4/spring-boot-starter-web-2.6.4.jar:/Users/Zofia/.m2/repository/org/springframework/boot/spring-boot-starter-json/2.6.4/spring-boot-starter-json-2.6.4.jar:/Users/Zofia/.m2/repository/com/fasterxml/jackson/datatype/jackson-datatype-jdk8/2.13.1/jackson-datatype-jdk8-2.13.1.jar:/Users/Zofia/.m2/repository/com/fasterxml/jackson/module/jackson-module-parameter-names/2.13.1/jackson-module-parameter-names-2.13.1.jar:/Users/Zofia/.m2/repository/org/springframework/boot/spring-boot-starter-tomcat/2.6.4/spring-boot-starter-tomcat-2.6.4.jar:/Users/Zofia/.m2/repository/org/apache/tomcat/embed/tomcat-embed-core/9.0.58/tomcat-embed-core-9.0.58.jar:/Users/Zofia/.m2/repository/org/apache/tomcat/embed/tomcat-embed-el/9.0.58/tomcat-embed-el-9.0.58.jar:/Users/Zofia/.m2/repository/org/apache/tomcat/embed/tomcat-embed-websocket/9.0.58/tomcat-embed-websocket-9.0.58.jar:/Users/Zofia/.m2/repository/org/springframework/spring-web/5.3.16/spring-web-5.3.16.jar:/Users/Zofia/.m2/repository/org/springframework/spring-beans/5.3.16/spring-beans-5.3.16.jar:/Users/Zofia/.m2/repository/org/springframework/spring-webmvc/5.3.16/spring-webmvc-5.3.16.jar:/Users/Zofia/.m2/repository/org/springframework/spring-aop/5.3.16/spring-aop-5.3.16.jar:/Users/Zofia/.m2/repository/org/springframework/spring-context/5.3.16/spring-context-5.3.16.jar:/Users/Zofia/.m2/repository/org/springframework/spring-expression/5.3.16/spring-expression-5.3.16.jar:/Users/Zofia/.m2/repository/com/fasterxml/jackson/module/jackson-module-kotlin/2.13.1/jackson-module-kotlin-2.13.1.jar:/Users/Zofia/.m2/repository/com/fasterxml/jackson/core/jackson-databind/2.13.1/jackson-databind-2.13.1.jar:/Users/Zofia/.m2/repository/com/fasterxml/jackson/core/jackson-core/2.13.1/jackson-core-2.13.1.jar:/Users/Zofia/.m2/repository/com/fasterxml/jackson/core/jackson-annotations/2.13.1/jackson-annotations-2.13.1.jar:/Users/Zofia/.m2/repository/org/jetbrains/kotlin/kotlin-reflect/1.6.10/kotlin-reflect-1.6.10.jar:/Users/Zofia/.m2/repository/org/jetbrains/kotlin/kotlin-stdlib/1.6.10/kotlin-stdlib-1.6.10.jar:/Users/Zofia/.m2/repository/org/jetbrains/annotations/13.0/annotations-13.0.jar:/Users/Zofia/.m2/repository/org/jetbrains/kotlin/kotlin-stdlib-common/1.6.10/kotlin-stdlib-common-1.6.10.jar:/Users/Zofia/.m2/repository/org/jetbrains/kotlin/kotlin-stdlib-jdk8/1.6.10/kotlin-stdlib-jdk8-1.6.10.jar:/Users/Zofia/.m2/repository/org/jetbrains/kotlin/kotlin-stdlib-jdk7/1.6.10/kotlin-stdlib-jdk7-1.6.10.jar:/Users/Zofia/.m2/repository/org/projectlombok/lombok/1.18.22/lombok-1.18.22.jar:/Users/Zofia/.m2/repository/org/springframework/boot/spring-boot-starter-test/2.6.4/spring-boot-starter-test-2.6.4.jar:/Users/Zofia/.m2/repository/org/springframework/boot/spring-boot-test/2.6.4/spring-boot-test-2.6.4.jar:/Users/Zofia/.m2/repository/org/springframework/boot/spring-boot-test-autoconfigure/2.6.4/spring-boot-test-autoconfigure-2.6.4.jar:/Users/Zofia/.m2/repository/com/jayway/jsonpath/json-path/2.6.0/json-path-2.6.0.jar:/Users/Zofia/.m2/repository/net/minidev/json-smart/2.4.8/json-smart-2.4.8.jar:/Users/Zofia/.m2/repository/net/minidev/accessors-smart/2.4.8/accessors-smart-2.4.8.jar:/Users/Zofia/.m2/repository/org/ow2/asm/asm/9.1/asm-9.1.jar:/Users/Zofia/.m2/repository/org/slf4j/slf4j-api/1.7.36/slf4j-api-1.7.36.jar:/Users/Zofia/.m2/repository/jakarta/xml/bind/jakarta.xml.bind-api/2.3.3/jakarta.xml.bind-api-2.3.3.jar:/Users/Zofia/.m2/repository/jakarta/activation/jakarta.activation-api/1.2.2/jakarta.activation-api-1.2.2.jar:/Users/Zofia/.m2/repository/org/assertj/assertj-core/3.21.0/assertj-core-3.21.0.jar:/Users/Zofia/.m2/repository/org/hamcrest/hamcrest/2.2/hamcrest-2.2.jar:/Users/Zofia/.m2/repository/org/junit/jupiter/junit-jupiter/5.8.2/junit-jupiter-5.8.2.jar:/Users/Zofia/.m2/repository/org/junit/jupiter/junit-jupiter-api/5.8.2/junit-jupiter-api-5.8.2.jar:/Users/Zofia/.m2/repository/org/opentest4j/opentest4j/1.2.0/opentest4j-1.2.0.jar:/Users/Zofia/.m2/repository/org/junit/platform/junit-platform-commons/1.8.2/junit-platform-commons-1.8.2.jar:/Users/Zofia/.m2/repository/org/apiguardian/apiguardian-api/1.1.2/apiguardian-api-1.1.2.jar:/Users/Zofia/.m2/repository/org/junit/jupiter/junit-jupiter-params/5.8.2/junit-jupiter-params-5.8.2.jar:/Users/Zofia/.m2/repository/org/junit/jupiter/junit-jupiter-engine/5.8.2/junit-jupiter-engine-5.8.2.jar:/Users/Zofia/.m2/repository/org/junit/platform/junit-platform-engine/1.8.2/junit-platform-engine-1.8.2.jar:/Users/Zofia/.m2/repository/org/mockito/mockito-core/4.0.0/mockito-core-4.0.0.jar:/Users/Zofia/.m2/repository/net/bytebuddy/byte-buddy/1.11.22/byte-buddy-1.11.22.jar:/Users/Zofia/.m2/repository/net/bytebuddy/byte-buddy-agent/1.11.22/byte-buddy-agent-1.11.22.jar:/Users/Zofia/.m2/repository/org/objenesis/objenesis/3.2/objenesis-3.2.jar:/Users/Zofia/.m2/repository/org/mockito/mockito-junit-jupiter/4.0.0/mockito-junit-jupiter-4.0.0.jar:/Users/Zofia/.m2/repository/org/skyscreamer/jsonassert/1.5.0/jsonassert-1.5.0.jar:/Users/Zofia/.m2/repository/com/vaadin/external/google/android-json/0.0.20131108.vaadin1/android-json-0.0.20131108.vaadin1.jar:/Users/Zofia/.m2/repository/org/springframework/spring-core/5.3.16/spring-core-5.3.16.jar:/Users/Zofia/.m2/repository/org/springframework/spring-jcl/5.3.16/spring-jcl-5.3.16.jar:/Users/Zofia/.m2/repository/org/springframework/spring-test/5.3.16/spring-test-5.3.16.jar:/Users/Zofia/.m2/repository/org/xmlunit/xmlunit-core/2.8.4/xmlunit-core-2.8.4.jar:/Users/Zofia/.m2/repository/org/springdoc/springdoc-openapi-ui/1.5.13/springdoc-openapi-ui-1.5.13.jar:/Users/Zofia/.m2/repository/org/springdoc/springdoc-openapi-webmvc-core/1.5.13/springdoc-openapi-webmvc-core-1.5.13.jar:/Users/Zofia/.m2/repository/org/springdoc/springdoc-openapi-common/1.5.13/springdoc-openapi-common-1.5.13.jar:/Users/Zofia/.m2/repository/io/swagger/core/v3/swagger-models/2.1.11/swagger-models-2.1.11.jar:/Users/Zofia/.m2/repository/io/swagger/core/v3/swagger-annotations/2.1.11/swagger-annotations-2.1.11.jar:/Users/Zofia/.m2/repository/io/swagger/core/v3/swagger-integration/2.1.11/swagger-integration-2.1.11.jar:/Users/Zofia/.m2/repository/io/swagger/core/v3/swagger-core/2.1.11/swagger-core-2.1.11.jar:/Users/Zofia/.m2/repository/com/fasterxml/jackson/dataformat/jackson-dataformat-yaml/2.13.1/jackson-dataformat-yaml-2.13.1.jar:/Users/Zofia/.m2/repository/jakarta/validation/jakarta.validation-api/2.0.2/jakarta.validation-api-2.0.2.jar:/Users/Zofia/.m2/repository/io/github/classgraph/classgraph/4.8.116/classgraph-4.8.116.jar:/Users/Zofia/.m2/repository/org/apache/commons/commons-lang3/3.12.0/commons-lang3-3.12.0.jar:/Users/Zofia/.m2/repository/org/webjars/swagger-ui/4.1.2/swagger-ui-4.1.2.jar:/Users/Zofia/.m2/repository/org/webjars/webjars-locator-core/0.48/webjars-locator-core-0.48.jar:/Users/Zofia/.m2/repository/net/logstash/logback/logstash-logback-encoder/6.6/logstash-logback-encoder-6.6.jar:"/>
    <property name="sun.cpu.endian" value="little"/>
    <property name="user.home" value="/Users/Zofia"/>
    <property name="user.language" value="pl"/>
    <property name="java.specification.vendor" value="Oracle Corporation"/>
    <property name="java.version.date" value="2024-10-15"/>
    <property name="java.home" value="/opt/homebrew/Cellar/openjdk/23.0.1/libexec/openjdk.jdk/Contents/Home"/>
    <property name="file.separator" value="/"/>
    <property name="basedir" value="/Users/Zofia/test-app"/>
    <property name="java.vm.compressedOopsMode" value="Zero based"/>
    <property name="line.separator" value="&#10;"/>
    <property name="java.vm.specification.vendor" value="Oracle Corporation"/>
    <property name="java.specification.name" value="Java Platform API Specification"/>
    <property name="apple.awt.application.name" value="ForkedBooter"/>
    <property name="surefire.real.class.path" value="/Users/Zofia/test-app/target/surefire/surefirebooter8219785268354568126.jar"/>
    <property name="sun.management.compiler" value="HotSpot 64-Bit Tiered Compilers"/>
    <property name="ftp.nonProxyHosts" value="local|*.local|169.254/16|*.169.254/16"/>
    <property name="java.runtime.version" value="23.0.1"/>
    <property name="user.name" value="Zofia"/>
    <property name="stdout.encoding" value="US-ASCII"/>
    <property name="path.separator" value=":"/>
    <property name="os.version" value="15.4.1"/>
    <property name="java.runtime.name" value="OpenJDK Runtime Environment"/>
    <property name="file.encoding" value="UTF-8"/>
    <property name="java.vm.name" value="OpenJDK 64-Bit Server VM"/>
    <property name="java.vendor.version" value="Homebrew"/>
    <property name="localRepository" value="/Users/Zofia/.m2/repository"/>
    <property name="java.vendor.url.bug" value="https://github.com/Homebrew/homebrew-core/issues"/>
    <property name="java.io.tmpdir" value="/var/folders/03/7fkx77y96873mgvwk501bypw0000gn/T/"/>
    <property name="java.version" value="23.0.1"/>
    <property name="user.dir" value="/Users/Zofia/test-app"/>
    <property name="os.arch" value="aarch64"/>
    <property name="java.vm.specification.name" value="Java Virtual Machine Specification"/>
    <property name="native.encoding" value="US-ASCII"/>
    <property name="java.library.path" value="/Users/Zofia/Library/Java/Extensions:/Library/Java/Extensions:/Network/Library/Java/Extensions:/System/Library/Java/Extensions:/usr/lib/java:."/>
    <property name="java.vm.info" value="mixed mode, sharing"/>
    <property name="stderr.encoding" value="US-ASCII"/>
    <property name="java.vendor" value="Homebrew"/>
    <property name="java.vm.version" value="23.0.1"/>
    <property name="sun.io.unicode.encoding" value="UnicodeBig"/>
    <property name="socksNonProxyHosts" value="local|*.local|169.254/16|*.169.254/16"/>
    <property name="java.class.version" value="67.0"/>
  </properties>
  <testcase name="contextLoads" classname="pl.pbak.demo.test.TestAppApplicationTests" time="0.074"/>
</testsuite>